<?xml version="1.0" encoding="UTF-8"?>
<!-- Generated by org.testng.reporters.JUnitReportReporter -->
<testsuite hostname="C583LCOK" failures="1" tests="2" name="Runner.TestNGRunner" time="47.974" errors="0" timestamp="2023-03-22T17:18:40 IST" skipped="0">
  <testcase classname="Runner.TestNGRunner" name="runScenario" time="24.359">
    <failure message="expected:&lt;[Beetroot]&gt; but was:&lt;[No data]&gt;" type="org.junit.ComparisonFailure">
      <![CDATA[org.junit.ComparisonFailure: expected:<[Beetroot]> but was:<[No data]>
at org.junit.Assert.assertEquals(Assert.java:115)
at org.junit.Assert.assertEquals(Assert.java:144)
at StepDef.TopDealsSeachProduct.user_validate_search_results_in_home_and_topDeal_match(TopDealsSeachProduct.java:35)
at ✽.user validate search results in home page and topDeal matches(file:///C:/MyWork/CucumberPractice/src/test/java/Feature/SearchProduct.feature:8)
]]>
    </failure>
  </testcase> <!-- runScenario -->
  <system-out/>
  <testcase classname="Runner.TestNGRunner" name="runScenario" time="23.615"/>
  <system-out/>
</testsuite> <!-- Runner.TestNGRunner -->
