<?xml version="1.0" encoding="UTF-8" ?>
<testsuite tests="2" failures="1" name="TestSuite" time="47.978" errors="0" skipped="0">
  <properties>
[...]
</properties>
  <testcase classname="Runner.TestNGRunner" name="runScenario" time="23.616"/>
  <testcase classname="Runner.TestNGRunner" name="runScenario" time="24.362">
    <failure message="expected:&lt;[Beetroot]&gt; but was:&lt;[No data]&gt;" type="org.junit.ComparisonFailure">org.junit.ComparisonFailure: expected:&lt;[Beetroot]&gt; but was:&lt;[No data]&gt;
	at org.junit.Assert.assertEquals(Assert.java:115)
	at org.junit.Assert.assertEquals(Assert.java:144)
	at StepDef.TopDealsSeachProduct.user_validate_search_results_in_home_and_topDeal_match(TopDealsSeachProduct.java:35)
	at ✽.user validate search results in home page and topDeal matches(file:///C:/MyWork/CucumberPractice/src/test/java/Feature/SearchProduct.feature:8)
</failure>
    <system-out>browser   null
browser   null
</system-out>
  </testcase>
</testsuite>