<?xml version="1.0" encoding="UTF-8"?>
<!-- Generated by org.testng.reporters.JUnitXMLReporter -->
<testsuite ignored="0" hostname="C583LCOK" failures="1" tests="2" name="Command line test" time="25.444" errors="0" timestamp="2023-03-22T17:18:40 IST">
  <testcase classname="io.cucumber.testng.AbstractTestNGCucumberTests" name="runScenario" time="23.615"/>
  <testcase classname="io.cucumber.testng.AbstractTestNGCucumberTests" name="runScenario" time="24.359">
    <failure type="org.junit.ComparisonFailure" message="expected:&amp;lt;[Beetroot]&amp;gt; but was:&amp;lt;[No data]&amp;gt;">
      <![CDATA[org.junit.ComparisonFailure: expected:<[Beetroot]> but was:<[No data]>
at org.junit.Assert.assertEquals(Assert.java:115)
at org.junit.Assert.assertEquals(Assert.java:144)
at StepDef.TopDealsSeachProduct.user_validate_search_results_in_home_and_topDeal_match(TopDealsSeachProduct.java:35)
at ✽.user validate search results in home page and topDeal matches(file:///C:/MyWork/CucumberPractice/src/test/java/Feature/SearchProduct.feature:8)
]]>
    </failure>
  </testcase> <!-- runScenario -->
</testsuite> <!-- Command line test -->
